<?xml version="1.0" encoding="UTF-8"?>
<!-- Generated by org.testng.reporters.JUnitXMLReporter -->
<testsuite ignored="0" hostname="LAPTOP-POCHI3TQ" failures="0" tests="8" name="Default test" time="3.72" errors="0" timestamp="2023-11-29T16:58:05 IST">
  <testcase classname="com.tmobile.tests.HomeTest" name="testCompanyLogo" time="0.053"/>
  <testcase classname="com.tmobile.tests.HomeTest" name="testPlans" time="0.028"/>
  <testcase classname="com.tmobile.tests.HomeTest" name="testJoinUs" time="0.052"/>
  <testcase classname="com.tmobile.tests.HomeTest" name="testCart" time="0.02"/>
  <testcase classname="com.tmobile.tests.HomeTest" name="testSearch" time="0.021"/>
  <testcase classname="com.tmobile.tests.HomeTest" name="testMyAccount" time="0.023"/>
  <testcase classname="com.tmobile.tests.HomeTest" name="testSpain" time="0.023"/>
  <testcase classname="com.tmobile.tests.HomeTest" name="testEnglish" time="0.023"/>
</testsuite> <!-- Default test -->
