<?xml version="1.0" encoding="UTF-8"?>
<testng-results ignored="0" total="9" passed="8" failed="1" skipped="0">
  <reporter-output>
  </reporter-output>
  <suite started-at="2023-12-02T18:03:18 IST" name="Default suite" finished-at="2023-12-02T18:04:57 IST" duration-ms="98990">
    <groups>
    </groups>
    <test started-at="2023-12-02T18:03:18 IST" name="Default test" finished-at="2023-12-02T18:04:57 IST" duration-ms="98990">
      <class name="com.tmobile.tests.Deals_SamsungTest">
        <test-method is-config="true" signature="setUp()[pri:0, instance:com.tmobile.tests.Deals_SamsungTest@1cf6d1be]" started-at="2023-12-02T18:03:18 IST" name="setUp" finished-at="2023-12-02T18:03:30 IST" duration-ms="11496" status="PASS">
          <reporter-output>
          </reporter-output>
        </test-method> <!-- setUp -->
        <test-method signature="testDeals()[pri:1, instance:com.tmobile.tests.Deals_SamsungTest@1cf6d1be]" started-at="2023-12-02T18:03:30 IST" name="testDeals" finished-at="2023-12-02T18:03:34 IST" duration-ms="4265" status="PASS">
          <reporter-output>
          </reporter-output>
        </test-method> <!-- testDeals -->
        <test-method signature="testSamsungPage()[pri:2, instance:com.tmobile.tests.Deals_SamsungTest@1cf6d1be]" started-at="2023-12-02T18:03:34 IST" name="testSamsungPage" finished-at="2023-12-02T18:03:34 IST" duration-ms="45" status="PASS">
          <reporter-output>
          </reporter-output>
        </test-method> <!-- testSamsungPage -->
        <test-method signature="testPhones()[pri:3, instance:com.tmobile.tests.Deals_SamsungTest@1cf6d1be]" started-at="2023-12-02T18:03:34 IST" name="testPhones" finished-at="2023-12-02T18:03:34 IST" duration-ms="213" status="PASS">
          <reporter-output>
          </reporter-output>
        </test-method> <!-- testPhones -->
        <test-method signature="testSamsungGalaxy()[pri:4, instance:com.tmobile.tests.Deals_SamsungTest@1cf6d1be]" started-at="2023-12-02T18:03:34 IST" name="testSamsungGalaxy" finished-at="2023-12-02T18:03:35 IST" duration-ms="1322" status="PASS">
          <reporter-output>
          </reporter-output>
        </test-method> <!-- testSamsungGalaxy -->
        <test-method signature="testSamsungGalaxyPage()[pri:5, instance:com.tmobile.tests.Deals_SamsungTest@1cf6d1be]" started-at="2023-12-02T18:03:35 IST" name="testSamsungGalaxyPage" finished-at="2023-12-02T18:03:36 IST" duration-ms="219" status="FAIL">
          <exception class="java.lang.AssertionError">
            <message>
              <![CDATA[expected [true] but found [false]]]>
            </message>
            <full-stacktrace>
              <![CDATA[java.lang.AssertionError: expected [true] but found [false]
at org.testng.Assert.fail(Assert.java:110)
at org.testng.Assert.failNotEquals(Assert.java:1577)
at org.testng.Assert.assertTrue(Assert.java:56)
at org.testng.Assert.assertTrue(Assert.java:66)
at com.tmobile.tests.Deals_SamsungTest.testSamsungGalaxyPage(Deals_SamsungTest.java:84)
at java.base/jdk.internal.reflect.NativeMethodAccessorImpl.invoke0(Native Method)
at java.base/jdk.internal.reflect.NativeMethodAccessorImpl.invoke(NativeMethodAccessorImpl.java:77)
at java.base/jdk.internal.reflect.DelegatingMethodAccessorImpl.invoke(DelegatingMethodAccessorImpl.java:43)
at java.base/java.lang.reflect.Method.invoke(Method.java:568)
at org.testng.internal.invokers.MethodInvocationHelper.invokeMethod(MethodInvocationHelper.java:139)
at org.testng.internal.invokers.TestInvoker.invokeMethod(TestInvoker.java:677)
at org.testng.internal.invokers.TestInvoker.invokeTestMethod(TestInvoker.java:221)
at org.testng.internal.invokers.MethodRunner.runInSequence(MethodRunner.java:50)
at org.testng.internal.invokers.TestInvoker$MethodInvocationAgent.invoke(TestInvoker.java:969)
at org.testng.internal.invokers.TestInvoker.invokeTestMethods(TestInvoker.java:194)
at org.testng.internal.invokers.TestMethodWorker.invokeTestMethods(TestMethodWorker.java:148)
at org.testng.internal.invokers.TestMethodWorker.run(TestMethodWorker.java:128)
at java.base/java.util.ArrayList.forEach(ArrayList.java:1511)
at org.testng.TestRunner.privateRun(TestRunner.java:829)
at org.testng.TestRunner.run(TestRunner.java:602)
at org.testng.SuiteRunner.runTest(SuiteRunner.java:437)
at org.testng.SuiteRunner.runSequentially(SuiteRunner.java:431)
at org.testng.SuiteRunner.privateRun(SuiteRunner.java:391)
at org.testng.SuiteRunner.run(SuiteRunner.java:330)
at org.testng.SuiteRunnerWorker.runSuite(SuiteRunnerWorker.java:52)
at org.testng.SuiteRunnerWorker.run(SuiteRunnerWorker.java:95)
at org.testng.TestNG.runSuitesSequentially(TestNG.java:1256)
at org.testng.TestNG.runSuitesLocally(TestNG.java:1176)
at org.testng.TestNG.runSuites(TestNG.java:1099)
at org.testng.TestNG.run(TestNG.java:1067)
at org.testng.remote.AbstractRemoteTestNG.run(AbstractRemoteTestNG.java:115)
at org.testng.remote.RemoteTestNG.initAndRun(RemoteTestNG.java:251)
at org.testng.remote.RemoteTestNG.main(RemoteTestNG.java:77)
]]>
            </full-stacktrace>
          </exception> <!-- java.lang.AssertionError -->
          <reporter-output>
          </reporter-output>
        </test-method> <!-- testSamsungGalaxyPage -->
        <test-method signature="testSee2Deals()[pri:6, instance:com.tmobile.tests.Deals_SamsungTest@1cf6d1be]" started-at="2023-12-02T18:03:36 IST" name="testSee2Deals" finished-at="2023-12-02T18:03:56 IST" duration-ms="20322" status="PASS">
          <reporter-output>
          </reporter-output>
        </test-method> <!-- testSee2Deals -->
        <test-method signature="testLocation()[pri:7, instance:com.tmobile.tests.Deals_SamsungTest@1cf6d1be]" started-at="2023-12-02T18:03:56 IST" name="testLocation" finished-at="2023-12-02T18:04:16 IST" duration-ms="20282" status="PASS">
          <reporter-output>
          </reporter-output>
        </test-method> <!-- testLocation -->
        <test-method signature="testCity()[pri:8, instance:com.tmobile.tests.Deals_SamsungTest@1cf6d1be]" started-at="2023-12-02T18:04:16 IST" name="testCity" finished-at="2023-12-02T18:04:37 IST" duration-ms="20269" status="PASS">
          <reporter-output>
          </reporter-output>
        </test-method> <!-- testCity -->
        <test-method signature="testBroadwayStore()[pri:9, instance:com.tmobile.tests.Deals_SamsungTest@1cf6d1be]" started-at="2023-12-02T18:04:37 IST" name="testBroadwayStore" finished-at="2023-12-02T18:04:57 IST" duration-ms="20259" status="PASS">
          <reporter-output>
          </reporter-output>
        </test-method> <!-- testBroadwayStore -->
        <test-method is-config="true" signature="tearDown()[pri:0, instance:com.tmobile.tests.Deals_SamsungTest@1cf6d1be]" started-at="2023-12-02T18:04:57 IST" name="tearDown" finished-at="2023-12-02T18:04:57 IST" duration-ms="208" status="PASS">
          <reporter-output>
          </reporter-output>
        </test-method> <!-- tearDown -->
      </class> <!-- com.tmobile.tests.Deals_SamsungTest -->
    </test> <!-- Default test -->
  </suite> <!-- Default suite -->
</testng-results>
